ERROR - 2026-02-07 19:32:45 --> Error connecting to the database: mysqli_sql_exception: No such file or directory in /Users/mac/Documents/Rebencia/system/Database/MySQLi/Connection.php:184
Stack trace:
#0 /Users/mac/Documents/Rebencia/system/Database/MySQLi/Connection.php(184): mysqli->real_connect('localhost', 'rebe_RebenciaDB', Object(SensitiveParameterValue), 'rebe_RebenciaDB', 3306, '', 0)
#1 /Users/mac/Documents/Rebencia/system/Database/BaseConnection.php(392): CodeIgniter\Database\MySQLi\Connection->connect(false)
#2 /Users/mac/Documents/Rebencia/system/Database/BaseConnection.php(575): CodeIgniter\Database\BaseConnection->initialize()
#3 /Users/mac/Documents/Rebencia/system/Database/BaseConnection.php(1410): CodeIgniter\Database\BaseConnection->query('SHOW TABLES FRO...')
#4 /Users/mac/Documents/Rebencia/system/Database/BaseConnection.php(1429): CodeIgniter\Database\BaseConnection->listTables()
#5 /Users/mac/Documents/Rebencia/system/Database/MigrationRunner.php(757): CodeIgniter\Database\BaseConnection->tableExists('migrations')
#6 /Users/mac/Documents/Rebencia/system/Database/MigrationRunner.php(161): CodeIgniter\Database\MigrationRunner->ensureTable()
#7 /Users/mac/Documents/Rebencia/system/Commands/Database/Migrate.php(84): CodeIgniter\Database\MigrationRunner->latest(NULL)
#8 /Users/mac/Documents/Rebencia/system/CLI/Commands.php(65): CodeIgniter\Commands\Database\Migrate->run(Array)
#9 /Users/mac/Documents/Rebencia/system/CLI/Console.php(46): CodeIgniter\CLI\Commands->run('migrate', Array)
#10 /Users/mac/Documents/Rebencia/spark(102): CodeIgniter\CLI\Console->run()
#11 {main}

Next CodeIgniter\Database\Exceptions\DatabaseException: No such file or directory in /Users/mac/Documents/Rebencia/system/Database/MySQLi/Connection.php:229
Stack trace:
#0 /Users/mac/Documents/Rebencia/system/Database/BaseConnection.php(392): CodeIgniter\Database\MySQLi\Connection->connect(false)
#1 /Users/mac/Documents/Rebencia/system/Database/BaseConnection.php(575): CodeIgniter\Database\BaseConnection->initialize()
#2 /Users/mac/Documents/Rebencia/system/Database/BaseConnection.php(1410): CodeIgniter\Database\BaseConnection->query('SHOW TABLES FRO...')
#3 /Users/mac/Documents/Rebencia/system/Database/BaseConnection.php(1429): CodeIgniter\Database\BaseConnection->listTables()
#4 /Users/mac/Documents/Rebencia/system/Database/MigrationRunner.php(757): CodeIgniter\Database\BaseConnection->tableExists('migrations')
#5 /Users/mac/Documents/Rebencia/system/Database/MigrationRunner.php(161): CodeIgniter\Database\MigrationRunner->ensureTable()
#6 /Users/mac/Documents/Rebencia/system/Commands/Database/Migrate.php(84): CodeIgniter\Database\MigrationRunner->latest(NULL)
#7 /Users/mac/Documents/Rebencia/system/CLI/Commands.php(65): CodeIgniter\Commands\Database\Migrate->run(Array)
#8 /Users/mac/Documents/Rebencia/system/CLI/Console.php(46): CodeIgniter\CLI\Commands->run('migrate', Array)
#9 /Users/mac/Documents/Rebencia/spark(102): CodeIgniter\CLI\Console->run()
#10 {main}
